0 info it worked if it ends with ok
1 verbose cli [ 'C:\\Users\\S00293\\git\\calculadoradecostes.com\\node\\node.exe',
1 verbose cli   'C:\\Users\\S00293\\git\\calculadoradecostes.com\\node\\node_modules\\npm\\bin\\npm-cli.js',
1 verbose cli   'run',
1 verbose cli   'build' ]
2 info using npm@3.10.8
3 info using node@v8.9.0
4 verbose stack Error: ENOENT: no such file or directory, open 'C:\Users\S00293\git\calculadoradecostes.com\package.json'
5 verbose cwd C:\Users\S00293\git\calculadoradecostes.com
6 error Windows_NT 10.0.18363
7 error argv "C:\\Users\\S00293\\git\\calculadoradecostes.com\\node\\node.exe" "C:\\Users\\S00293\\git\\calculadoradecostes.com\\node\\node_modules\\npm\\bin\\npm-cli.js" "run" "build"
8 error node v8.9.0
9 error npm  v3.10.8
10 error path C:\Users\S00293\git\calculadoradecostes.com\package.json
11 error code ENOENT
12 error errno -4058
13 error syscall open
14 error enoent ENOENT: no such file or directory, open 'C:\Users\S00293\git\calculadoradecostes.com\package.json'
15 error enoent ENOENT: no such file or directory, open 'C:\Users\S00293\git\calculadoradecostes.com\package.json'
15 error enoent This is most likely not a problem with npm itself
15 error enoent and is related to npm not being able to find a file.
16 verbose exit [ -4058, true ]
